<?xml version="1.0" encoding="UTF-8"?>
<!-- Generated by org.testng.reporters.JUnitReportReporter -->
<testsuite hostname="CSLH2007" failures="0" tests="2" name="com.zenfradashboard.testcases.HomePageTest" time="44.860" errors="0" timestamp="2022-05-08T21:10:12 IST" skipped="0">
  <testcase classname="com.zenfradashboard.testcases.HomePageTest" name="verifyHomePageIconsTest" time="22.793"/>
  <system-out/>
  <testcase classname="com.zenfradashboard.testcases.HomePageTest" name="selectDashboard" time="22.067"/>
  <system-out/>
</testsuite> <!-- com.zenfradashboard.testcases.HomePageTest -->
