<?xml version="1.0" encoding="UTF-8"?>
<!-- Generated by org.testng.reporters.JUnitReportReporter -->
<testsuite hostname="CSLH2007" failures="0" tests="1" name="com.hrms.testcases.RStandHRISExitInterviewTest" time="26.577" errors="0" timestamp="2021-12-13T19:20:19 IST" skipped="0">
  <testcase classname="com.hrms.testcases.RStandHRISExitInterviewTest" name="verifyDownloadExcel" time="26.577"/>
  <system-out/>
</testsuite> <!-- com.hrms.testcases.RStandHRISExitInterviewTest -->
