<?xml version="1.0" encoding="UTF-8"?>
<!-- Generated by org.testng.reporters.JUnitReportReporter -->
<testsuite hostname="CSLH2007" failures="0" tests="1" name="com.hrmshrisreports.testcases.RStandStatRemittanceSummaryTest" time="33.018" errors="0" timestamp="2021-12-26T05:42:47 IST" skipped="0">
  <testcase classname="com.hrmshrisreports.testcases.RStandStatRemittanceSummaryTest" name="verifyremittanceSummaryDownloadPDF" time="33.018"/>
  <system-out/>
</testsuite> <!-- com.hrmshrisreports.testcases.RStandStatRemittanceSummaryTest -->
