<?xml version="1.0" encoding="UTF-8"?>
<!-- Generated by org.testng.reporters.JUnitReportReporter -->
<testsuite hostname="CSLH2007" failures="0" tests="1" name="com.hrms.testcases.RStandHRISSSSRIATest" time="20.166" errors="0" timestamp="2021-12-13T14:05:39 IST" skipped="0">
  <testcase classname="com.hrms.testcases.RStandHRISSSSRIATest" name="verifyDownloadExcel" time="20.166"/>
  <system-out/>
</testsuite> <!-- com.hrms.testcases.RStandHRISSSSRIATest -->
