<?xml version="1.0" encoding="UTF-8"?>
<!-- Generated by org.testng.reporters.JUnitReportReporter -->
<testsuite hostname="CSLH2007" failures="0" tests="1" name="com.hrms.testcases.RStandHRISCOEResignationTest" time="26.229" errors="0" timestamp="2021-12-13T13:49:27 IST" skipped="0">
  <testcase classname="com.hrms.testcases.RStandHRISCOEResignationTest" name="verifyDownload" time="26.229"/>
  <system-out/>
</testsuite> <!-- com.hrms.testcases.RStandHRISCOEResignationTest -->
