<?xml version="1.0" encoding="UTF-8"?>
<!-- Generated by org.testng.reporters.JUnitReportReporter -->
<testsuite hostname="AlexJency" failures="0" tests="2" name="com.zenfradashboard.testcases.LoginPageTest" time="102.661" errors="0" timestamp="2022-05-24T18:43:30 IST" skipped="0">
  <testcase classname="com.zenfradashboard.testcases.LoginPageTest" name="resetPassword" time="39.726"/>
  <system-out/>
  <testcase classname="com.zenfradashboard.testcases.LoginPageTest" name="loginTest" time="62.935"/>
  <system-out/>
</testsuite> <!-- com.zenfradashboard.testcases.LoginPageTest -->
