<?xml version="1.0" encoding="UTF-8"?>
<!-- Generated by org.testng.reporters.JUnitReportReporter -->
<testsuite hostname="CSLH2007" failures="0" tests="2" name="com.hrmshrisreports.testcases.RStandTKAttPolicyTest" time="51.970" errors="0" timestamp="2021-12-15T15:05:15 IST" skipped="0">
  <testcase classname="com.hrmshrisreports.testcases.RStandTKAttPolicyTest" name="verifyPageTitleTest" time="19.186"/>
  <system-out/>
  <testcase classname="com.hrmshrisreports.testcases.RStandTKAttPolicyTest" name="verifyDownloadPolicyOne" time="32.784"/>
  <system-out/>
</testsuite> <!-- com.hrmshrisreports.testcases.RStandTKAttPolicyTest -->
