<?xml version="1.0" encoding="UTF-8"?>
<!-- Generated by org.testng.reporters.JUnitReportReporter -->
<testsuite hostname="CSLH2007" failures="0" tests="1" name="com.hrms.testcases.RStandHRISCEOWithCompensationTest" time="27.866" errors="0" timestamp="2021-12-13T13:41:33 IST" skipped="0">
  <testcase classname="com.hrms.testcases.RStandHRISCEOWithCompensationTest" name="verifyDownload" time="27.866"/>
  <system-out/>
</testsuite> <!-- com.hrms.testcases.RStandHRISCEOWithCompensationTest -->
