<?xml version="1.0" encoding="UTF-8"?>
<!-- Generated by org.testng.reporters.JUnitReportReporter -->
<testsuite hostname="CSLH2007" failures="0" tests="2" name="com.hrms.testcases.HomePageTest" time="18.053" errors="0" timestamp="2021-12-12T08:37:03 IST" skipped="0">
  <testcase classname="com.hrms.testcases.HomePageTest" name="verifyHomePageIconsTest" time="8.328"/>
  <system-out/>
  <testcase classname="com.hrms.testcases.HomePageTest" name="selectDashboard" time="9.725"/>
  <system-out/>
</testsuite> <!-- com.hrms.testcases.HomePageTest -->
