<?xml version="1.0" encoding="UTF-8"?>
<!-- Generated by org.testng.reporters.JUnitReportReporter -->
<testsuite hostname="CSLH2007" failures="0" tests="4" name="com.hrmshrisreports.testcases.RStandPayBankRemittenceTest" time="114.566" errors="0" timestamp="2021-12-15T15:05:15 IST" skipped="0">
  <testcase classname="com.hrmshrisreports.testcases.RStandPayBankRemittenceTest" name="verifyPageTitleTest" time="19.272"/>
  <system-out/>
  <testcase classname="com.hrmshrisreports.testcases.RStandPayBankRemittenceTest" name="verifyDownloadMonthlyBone" time="27.685"/>
  <system-out/>
  <testcase classname="com.hrmshrisreports.testcases.RStandPayBankRemittenceTest" name="verifyDownloadBiMonthlyBankTwo" time="34.260"/>
  <system-out/>
  <testcase classname="com.hrmshrisreports.testcases.RStandPayBankRemittenceTest" name="verifyDownloadWeekly" time="33.349"/>
  <system-out/>
</testsuite> <!-- com.hrmshrisreports.testcases.RStandPayBankRemittenceTest -->
