<?xml version="1.0" encoding="UTF-8"?>
<!-- Generated by org.testng.reporters.JUnitReportReporter -->
<testsuite hostname="CSLH2007" failures="0" tests="1" name="com.hrms.testcases.RStandHRISTResignedEmpTest" time="28.593" errors="0" timestamp="2021-12-12T19:54:26 IST" skipped="0">
  <testcase classname="com.hrms.testcases.RStandHRISTResignedEmpTest" name="verifyDownloadExcel" time="28.593"/>
  <system-out/>
</testsuite> <!-- com.hrms.testcases.RStandHRISTResignedEmpTest -->
