<?xml version="1.0" encoding="UTF-8"?>
<!-- Generated by org.testng.reporters.JUnitReportReporter -->
<testsuite hostname="CSLH2007" failures="0" tests="1" name="com.hrmshrisreports.testcases.RStandPayJournalEntryTest" time="121.606" errors="0" timestamp="2021-12-18T20:34:23 IST" skipped="0">
  <testcase classname="com.hrmshrisreports.testcases.RStandPayJournalEntryTest" name="payCycleBiMonthlyDownload" time="121.606"/>
  <system-out/>
</testsuite> <!-- com.hrmshrisreports.testcases.RStandPayJournalEntryTest -->
