<?xml version="1.0" encoding="UTF-8"?>
<!-- Generated by org.testng.reporters.JUnitReportReporter -->
<testsuite hostname="AlexJency" failures="0" tests="1" name="com.zenfradashboard.testcases.DiscoveryTest" time="139.826" errors="0" timestamp="2022-05-26T11:53:14 IST" skipped="0">
  <testcase classname="com.zenfradashboard.testcases.DiscoveryTest" name="verifyReportLoading" time="139.826"/>
  <system-out/>
</testsuite> <!-- com.zenfradashboard.testcases.DiscoveryTest -->
