<?xml version="1.0" encoding="UTF-8"?>
<!-- Generated by org.testng.reporters.JUnitReportReporter -->
<testsuite hostname="CSLH2007" failures="0" tests="1" name="com.hrmshrisreports.testcases.RStandStatHDMFSTLRFTest" time="29.566" errors="0" timestamp="2021-12-26T06:03:48 IST" skipped="0">
  <testcase classname="com.hrmshrisreports.testcases.RStandStatHDMFSTLRFTest" name="verifyhdmfslfDownload" time="29.566"/>
  <system-out/>
</testsuite> <!-- com.hrmshrisreports.testcases.RStandStatHDMFSTLRFTest -->
