<?xml version="1.0" encoding="UTF-8"?>
<!-- Generated by org.testng.reporters.JUnitReportReporter -->
<testsuite hostname="CSLH2007" failures="0" tests="1" name="com.hrms.testcases.RStandHRISTerminatedEmpTest" time="28.746" errors="0" timestamp="2021-12-12T19:46:39 IST" skipped="0">
  <testcase classname="com.hrms.testcases.RStandHRISTerminatedEmpTest" name="verifyDownloadExcel" time="28.746"/>
  <system-out/>
</testsuite> <!-- com.hrms.testcases.RStandHRISTerminatedEmpTest -->
