<?xml version="1.0" encoding="UTF-8"?>
<!-- Generated by org.testng.reporters.JUnitReportReporter -->
<testsuite hostname="AlexJency" failures="0" tests="2" name="com.zenfradashboard.testcases.DiscoveryTest" time="168.006" errors="0" timestamp="2022-05-26T12:24:16 IST" skipped="0">
  <testcase classname="com.zenfradashboard.testcases.DiscoveryTest" name="verifyReportLoading" time="137.519"/>
  <system-out/>
  <testcase classname="com.zenfradashboard.testcases.DiscoveryTest" name="verifyPinnedState" time="30.487"/>
  <system-out/>
</testsuite> <!-- com.zenfradashboard.testcases.DiscoveryTest -->
