<?xml version="1.0" encoding="UTF-8"?>
<!-- Generated by org.testng.reporters.JUnitReportReporter -->
<testsuite hostname="CSLH2007" failures="0" tests="1" name="com.hrmshrisreports.testcases.RStandStatPhilhealthRF1Test" time="29.954" errors="0" timestamp="2021-12-26T06:09:37 IST" skipped="0">
  <testcase classname="com.hrmshrisreports.testcases.RStandStatPhilhealthRF1Test" name="verifyPhilhealthRF1lfDownload" time="29.954"/>
  <system-out/>
</testsuite> <!-- com.hrmshrisreports.testcases.RStandStatPhilhealthRF1Test -->
