<?xml version="1.0" encoding="UTF-8"?>
<!-- Generated by org.testng.reporters.JUnitReportReporter -->
<testsuite hostname="CSLH2007" failures="0" tests="2" name="com.hrmshrisreports.testcases.RStandTKFiledFormsTest" time="50.743" errors="0" timestamp="2021-12-15T15:05:16 IST" skipped="0">
  <testcase classname="com.hrmshrisreports.testcases.RStandTKFiledFormsTest" name="verifyPageTitleTest" time="17.917"/>
  <system-out/>
  <testcase classname="com.hrmshrisreports.testcases.RStandTKFiledFormsTest" name="verifyDownloadPolicyOne" time="32.826"/>
  <system-out/>
</testsuite> <!-- com.hrmshrisreports.testcases.RStandTKFiledFormsTest -->
