<?xml version="1.0" encoding="UTF-8"?>
<!-- Generated by org.testng.reporters.JUnitReportReporter -->
<testsuite hostname="CSLH2007" failures="0" tests="1" name="com.hrmshrisreports.testcases.RStandTKTimeLogTest" time="57.022" errors="0" timestamp="2021-12-14T21:32:51 IST" skipped="0">
  <testcase classname="com.hrmshrisreports.testcases.RStandTKTimeLogTest" name="verifyDownload" time="57.022"/>
  <system-out/>
</testsuite> <!-- com.hrmshrisreports.testcases.RStandTKTimeLogTest -->
