<?xml version="1.0" encoding="UTF-8"?>
<!-- Generated by org.testng.reporters.JUnitReportReporter -->
<testsuite hostname="CSLH2007" failures="0" tests="1" name="com.hrmshrisreports.testcases.RStandStatSSSCertificateTest" time="45.810" errors="0" timestamp="2021-12-21T09:55:28 IST" skipped="0">
  <testcase classname="com.hrmshrisreports.testcases.RStandStatSSSCertificateTest" name="verifysssCertificateValidationValidation" time="45.810"/>
  <system-out/>
</testsuite> <!-- com.hrmshrisreports.testcases.RStandStatSSSCertificateTest -->
