<?xml version="1.0" encoding="UTF-8"?>
<!-- Generated by org.testng.reporters.JUnitReportReporter -->
<testsuite hostname="CSLH2007" failures="0" tests="2" name="com.hrmshrisreports.testcases.RStandTKHoursWorkedTest" time="46.016" errors="0" timestamp="2021-12-15T15:05:16 IST" skipped="0">
  <testcase classname="com.hrmshrisreports.testcases.RStandTKHoursWorkedTest" name="verifyPageTitleTest" time="15.835"/>
  <system-out/>
  <testcase classname="com.hrmshrisreports.testcases.RStandTKHoursWorkedTest" name="verifyDownload" time="30.181"/>
  <system-out/>
</testsuite> <!-- com.hrmshrisreports.testcases.RStandTKHoursWorkedTest -->
