<?xml version="1.0" encoding="UTF-8"?>
<!-- Generated by org.testng.reporters.JUnitReportReporter -->
<testsuite hostname="AlexJency" failures="0" tests="4" name="com.zenfradashboard.testcases.DiscoveryTest" time="95.053" errors="0" timestamp="2022-05-27T14:22:54 IST" skipped="0">
  <testcase classname="com.zenfradashboard.testcases.DiscoveryTest" name="verifyReportLoading" time="92.352"/>
  <system-out/>
  <testcase classname="com.zenfradashboard.testcases.DiscoveryTest" name="verifyPinnedState" time="0.058"/>
  <system-out/>
  <testcase classname="com.zenfradashboard.testcases.DiscoveryTest" name="verifyColSortAscending" time="1.457"/>
  <system-out/>
  <testcase classname="com.zenfradashboard.testcases.DiscoveryTest" name="verifyColSortDecending" time="1.186"/>
  <system-out/>
</testsuite> <!-- com.zenfradashboard.testcases.DiscoveryTest -->
