<?xml version="1.0" encoding="UTF-8"?>
<!-- Generated by org.testng.reporters.JUnitReportReporter -->
<testsuite hostname="CSLH2007" failures="0" tests="1" name="com.hrms.testcases.RStandHRISEmployeeMovementTest" time="29.385" errors="0" timestamp="2021-12-13T08:39:43 IST" skipped="0">
  <testcase classname="com.hrms.testcases.RStandHRISEmployeeMovementTest" name="verifyDownloadExcelTypeAll" time="29.385"/>
  <system-out/>
</testsuite> <!-- com.hrms.testcases.RStandHRISEmployeeMovementTest -->
