<?xml version="1.0" encoding="UTF-8"?>
<!-- Generated by org.testng.reporters.JUnitReportReporter -->
<testsuite hostname="CSLH2007" failures="0" tests="1" name="com.hrmshrisreports.testcases.LoginPageTest" time="17.703" errors="0" timestamp="2021-12-15T15:05:16 IST" skipped="0">
  <testcase classname="com.hrmshrisreports.testcases.LoginPageTest" name="loginTest" time="17.703"/>
  <system-out/>
</testsuite> <!-- com.hrmshrisreports.testcases.LoginPageTest -->
