<?xml version="1.0" encoding="UTF-8"?>
<!-- Generated by org.testng.reporters.JUnitReportReporter -->
<testsuite hostname="AlexJency" failures="0" tests="2" name="com.zenfradashboard.testcases.HomePageTest" time="100.133" errors="0" timestamp="2022-05-24T20:56:51 IST" skipped="0">
  <testcase classname="com.zenfradashboard.testcases.HomePageTest" name="verifyHomePageIconsTest" time="50.057"/>
  <system-out/>
  <testcase classname="com.zenfradashboard.testcases.HomePageTest" name="selectDashboard" time="50.076"/>
  <system-out/>
</testsuite> <!-- com.zenfradashboard.testcases.HomePageTest -->
