<?xml version="1.0" encoding="UTF-8"?>
<!-- Generated by org.testng.reporters.JUnitReportReporter -->
<testsuite hostname="CSLH2007" failures="0" tests="6" name="com.hrmshrisreports.testcases.RStandHRISEmpProfileReportTest" time="199.655" errors="0" timestamp="2021-12-15T15:05:15 IST" skipped="0">
  <testcase classname="com.hrmshrisreports.testcases.RStandHRISEmpProfileReportTest" name="verifyPageTitleTest" time="22.843"/>
  <system-out/>
  <testcase classname="com.hrmshrisreports.testcases.RStandHRISEmpProfileReportTest" name="verifyEducationDownload" time="40.495"/>
  <system-out/>
  <testcase classname="com.hrmshrisreports.testcases.RStandHRISEmpProfileReportTest" name="verifyExperienceDownload" time="38.485"/>
  <system-out/>
  <testcase classname="com.hrmshrisreports.testcases.RStandHRISEmpProfileReportTest" name="verifyFamilyDownload" time="35.589"/>
  <system-out/>
  <testcase classname="com.hrmshrisreports.testcases.RStandHRISEmpProfileReportTest" name="verifyTraningDownload" time="43.347"/>
  <system-out/>
  <testcase classname="com.hrmshrisreports.testcases.RStandHRISEmpProfileReportTest" name="verifyEducationDownloadAll" time="18.896"/>
  <system-out/>
</testsuite> <!-- com.hrmshrisreports.testcases.RStandHRISEmpProfileReportTest -->
