<?xml version="1.0" encoding="UTF-8"?>
<!-- Generated by org.testng.reporters.JUnitReportReporter -->
<testsuite hostname="CSLH2007" failures="0" tests="6" name="com.hrmshrisreports.testcases.RStandPayLoanRegisterTwoTest" time="201.018" errors="0" timestamp="2021-12-15T15:05:15 IST" skipped="0">
  <testcase classname="com.hrmshrisreports.testcases.RStandPayLoanRegisterTwoTest" name="verifyPageTitleTest" time="16.433"/>
  <system-out/>
  <testcase classname="com.hrmshrisreports.testcases.RStandPayLoanRegisterTwoTest" name="verifyDownloadMonthly" time="39.353"/>
  <system-out/>
  <testcase classname="com.hrmshrisreports.testcases.RStandPayLoanRegisterTwoTest" name="verifyDownloadBiMonthly" time="34.898"/>
  <system-out/>
  <testcase classname="com.hrmshrisreports.testcases.RStandPayLoanRegisterTwoTest" name="verifyDownloadWeekly" time="36.439"/>
  <system-out/>
  <testcase classname="com.hrmshrisreports.testcases.RStandPayLoanRegisterTwoTest" name="verifyDownloadWeeklyPdf" time="37.215"/>
  <system-out/>
  <testcase classname="com.hrmshrisreports.testcases.RStandPayLoanRegisterTwoTest" name="verifyDownloadWeeklyClose" time="36.680"/>
  <system-out/>
</testsuite> <!-- com.hrmshrisreports.testcases.RStandPayLoanRegisterTwoTest -->
