<?xml version="1.0" encoding="UTF-8"?>
<!-- Generated by org.testng.reporters.JUnitReportReporter -->
<testsuite hostname="CSLH2007" failures="0" tests="2" name="com.hrmshrisreports.testcases.RStandHRISSSSRIATest" time="47.259" errors="0" timestamp="2021-12-15T15:05:15 IST" skipped="0">
  <testcase classname="com.hrmshrisreports.testcases.RStandHRISSSSRIATest" name="verifyPageTitleTest" time="21.072"/>
  <system-out/>
  <testcase classname="com.hrmshrisreports.testcases.RStandHRISSSSRIATest" name="verifyDownloadExcel" time="26.187"/>
  <system-out/>
</testsuite> <!-- com.hrmshrisreports.testcases.RStandHRISSSSRIATest -->
