<?xml version="1.0" encoding="UTF-8"?>
<!-- Generated by org.testng.reporters.JUnitReportReporter -->
<testsuite hostname="CSLH2007" failures="0" tests="1" name="com.hrms.testcases.LoginPageTest" time="9.585" errors="0" timestamp="2021-12-12T08:37:03 IST" skipped="0">
  <testcase classname="com.hrms.testcases.LoginPageTest" name="loginTest" time="9.585"/>
  <system-out/>
</testsuite> <!-- com.hrms.testcases.LoginPageTest -->
