<?xml version="1.0" encoding="UTF-8"?>
<!-- Generated by org.testng.reporters.JUnitReportReporter -->
<testsuite hostname="CSLH2007" failures="0" tests="1" name="com.hrmshrisreports.testcases.RStandStatPAGIBIGLoanCertificateTest" time="45.253" errors="0" timestamp="2021-12-21T10:54:44 IST" skipped="0">
  <testcase classname="com.hrmshrisreports.testcases.RStandStatPAGIBIGLoanCertificateTest" name="verifypagiloansContributionValidationValidation" time="45.253"/>
  <system-out/>
</testsuite> <!-- com.hrmshrisreports.testcases.RStandStatPAGIBIGLoanCertificateTest -->
