<?xml version="1.0" encoding="UTF-8"?>
<!-- Generated by org.testng.reporters.JUnitReportReporter -->
<testsuite hostname="CSLH2007" failures="0" tests="1" name="com.zenfradashboard.testcases.LoginPageTest" time="23.630" errors="0" timestamp="2022-05-08T21:10:12 IST" skipped="0">
  <testcase classname="com.zenfradashboard.testcases.LoginPageTest" name="loginTest" time="23.630"/>
  <system-out/>
</testsuite> <!-- com.zenfradashboard.testcases.LoginPageTest -->
