<?xml version="1.0" encoding="UTF-8"?>
<!-- Generated by org.testng.reporters.JUnitReportReporter -->
<testsuite hostname="AlexJency" failures="0" tests="9" name="com.zenfradashboard.testcases.DiscoveryTest" time="174.507" errors="0" timestamp="2022-05-28T14:35:26 IST" skipped="0">
  <testcase classname="com.zenfradashboard.testcases.DiscoveryTest" name="verifyReportLoading" time="71.598"/>
  <system-out/>
  <testcase classname="com.zenfradashboard.testcases.DiscoveryTest" name="verifyToatalColmun" time="0.074"/>
  <system-out/>
  <testcase classname="com.zenfradashboard.testcases.DiscoveryTest" name="verifyPinnedState" time="0.062"/>
  <system-out/>
  <testcase classname="com.zenfradashboard.testcases.DiscoveryTest" name="verifyColSortAscending" time="1.430"/>
  <system-out/>
  <testcase classname="com.zenfradashboard.testcases.DiscoveryTest" name="verifyColSortDecending" time="1.332"/>
  <system-out/>
  <testcase classname="com.zenfradashboard.testcases.DiscoveryTest" name="verifyFilterRecords" time="1.171"/>
  <system-out/>
  <testcase classname="com.zenfradashboard.testcases.DiscoveryTest" name="hideColmunsAndVerify" time="94.067"/>
  <system-out/>
  <testcase classname="com.zenfradashboard.testcases.DiscoveryTest" name="verifyExcelExportOptions" time="0.641"/>
  <system-out/>
  <testcase classname="com.zenfradashboard.testcases.DiscoveryTest" name="exportDataAsExccel" time="4.132"/>
  <system-out/>
</testsuite> <!-- com.zenfradashboard.testcases.DiscoveryTest -->
