<?xml version="1.0" encoding="UTF-8"?>
<!-- Generated by org.testng.reporters.JUnitReportReporter -->
<testsuite hostname="CSLH2007" failures="0" tests="1" name="com.hrmshrisreports.testcases.RStandStatHDMFMSRFTest" time="31.271" errors="0" timestamp="2021-12-26T05:54:57 IST" skipped="0">
  <testcase classname="com.hrmshrisreports.testcases.RStandStatHDMFMSRFTest" name="verifyremittanceSummaryDownloadExcel" time="31.271"/>
  <system-out/>
</testsuite> <!-- com.hrmshrisreports.testcases.RStandStatHDMFMSRFTest -->
