<?xml version="1.0" encoding="UTF-8"?>
<!-- Generated by org.testng.reporters.JUnitReportReporter -->
<testsuite hostname="CSLH2007" failures="0" tests="2" name="com.hrmshrisreports.testcases.RStandTKRawLogsTest" time="47.132" errors="0" timestamp="2021-12-15T15:05:16 IST" skipped="0">
  <testcase classname="com.hrmshrisreports.testcases.RStandTKRawLogsTest" name="verifyPageTitleTest" time="19.917"/>
  <system-out/>
  <testcase classname="com.hrmshrisreports.testcases.RStandTKRawLogsTest" name="verifyDownload" time="27.215"/>
  <system-out/>
</testsuite> <!-- com.hrmshrisreports.testcases.RStandTKRawLogsTest -->
