<?xml version="1.0" encoding="UTF-8"?>
<!-- Generated by org.testng.reporters.JUnitReportReporter -->
<testsuite hostname="CSLH2007" failures="0" tests="3" name="com.zenfradashboard.testcases.DashboardTest" time="73.903" errors="0" timestamp="2022-05-08T21:10:12 IST" skipped="0">
  <testcase classname="com.zenfradashboard.testcases.DashboardTest" name="verifyaddChart" time="23.883"/>
  <system-out/>
  <testcase classname="com.zenfradashboard.testcases.DashboardTest" name="verifyRemoveChart" time="24.235"/>
  <system-out/>
  <testcase classname="com.zenfradashboard.testcases.DashboardTest" name="verifyAddChartCancel" time="25.785"/>
  <system-out/>
</testsuite> <!-- com.zenfradashboard.testcases.DashboardTest -->
