<?xml version="1.0" encoding="UTF-8"?>
<!-- Generated by org.testng.reporters.JUnitReportReporter -->
<testsuite hostname="AlexJency" failures="0" tests="5" name="com.zenfradashboard.testcases.DashboardTest" time="342.779" errors="0" timestamp="2022-05-25T16:01:30 IST" skipped="0">
  <testcase classname="com.zenfradashboard.testcases.DashboardTest" name="verifyaddChart" time="53.526"/>
  <system-out/>
  <testcase classname="com.zenfradashboard.testcases.DashboardTest" name="verifyAddChartCancel" time="67.445"/>
  <system-out/>
  <testcase classname="com.zenfradashboard.testcases.DashboardTest" name="exportToPDF" time="114.408"/>
  <system-out/>
  <testcase classname="com.zenfradashboard.testcases.DashboardTest" name="exportTOPPTX" time="104.947"/>
  <system-out/>
  <testcase classname="com.zenfradashboard.testcases.DashboardTest" name="verifyRemoveChart" time="2.453"/>
  <system-out/>
</testsuite> <!-- com.zenfradashboard.testcases.DashboardTest -->
