<?xml version="1.0" encoding="UTF-8"?>
<!-- Generated by org.testng.reporters.JUnitReportReporter -->
<testsuite hostname="CSLH2007" failures="0" tests="1" name="com.hrms.testcases.RStandHRISYearOfServiceTest" time="23.030" errors="0" timestamp="2021-12-12T20:13:51 IST" skipped="0">
  <testcase classname="com.hrms.testcases.RStandHRISYearOfServiceTest" name="verifyDownloadExcel" time="23.030"/>
  <system-out/>
</testsuite> <!-- com.hrms.testcases.RStandHRISYearOfServiceTest -->
