<?xml version="1.0" encoding="UTF-8"?>
<!-- Generated by org.testng.reporters.JUnitReportReporter -->
<testsuite hostname="CSLH2007" failures="0" tests="1" name="com.hrmshrisreports.testcases.RStandPayCashPaymentTest" time="31.558" errors="0" timestamp="2021-12-18T11:28:57 IST" skipped="0">
  <testcase classname="com.hrmshrisreports.testcases.RStandPayCashPaymentTest" name="payCycleWeeklyDownload" time="31.558"/>
  <system-out/>
</testsuite> <!-- com.hrmshrisreports.testcases.RStandPayCashPaymentTest -->
