<?xml version="1.0" encoding="UTF-8"?>
<!-- Generated by org.testng.reporters.JUnitReportReporter -->
<testsuite hostname="CSLH2007" failures="0" tests="4" name="com.hrmshrisreports.testcases.RStandTKLeaveCreditTest" time="122.353" errors="0" timestamp="2021-12-15T15:05:16 IST" skipped="0">
  <testcase classname="com.hrmshrisreports.testcases.RStandTKLeaveCreditTest" name="verifyPageTitleTest" time="18.147"/>
  <system-out/>
  <testcase classname="com.hrmshrisreports.testcases.RStandTKLeaveCreditTest" name="verifyDownloadPolicyOne" time="33.504"/>
  <system-out/>
  <testcase classname="com.hrmshrisreports.testcases.RStandTKLeaveCreditTest" name="allEmpAllType" time="33.080"/>
  <system-out/>
  <testcase classname="com.hrmshrisreports.testcases.RStandTKLeaveCreditTest" name="leaveCreditAllEmployeeTy" time="37.622"/>
  <system-out/>
</testsuite> <!-- com.hrmshrisreports.testcases.RStandTKLeaveCreditTest -->
