<?xml version="1.0" encoding="UTF-8"?>
<!-- Generated by org.testng.reporters.JUnitReportReporter -->
<testsuite hostname="CSLH2007" failures="0" tests="1" name="com.hrms.testcases.RStandHRISEndOfContractTest" time="41.927" errors="0" timestamp="2021-12-12T20:00:29 IST" skipped="0">
  <testcase classname="com.hrms.testcases.RStandHRISEndOfContractTest" name="verifyDownloadExcel" time="41.927"/>
  <system-out/>
</testsuite> <!-- com.hrms.testcases.RStandHRISEndOfContractTest -->
