<?xml version="1.0" encoding="UTF-8"?>
<!-- Generated by org.testng.reporters.JUnitReportReporter -->
<testsuite hostname="CSLH2007" failures="0" tests="1" name="com.hrmshrisreports.testcases.RStandStatPAGIBIGContributionTest" time="40.019" errors="0" timestamp="2021-12-21T12:46:54 IST" skipped="0">
  <testcase classname="com.hrmshrisreports.testcases.RStandStatPAGIBIGContributionTest" name="verifypagibigContributionValidationMonthly" time="40.019"/>
  <system-out/>
</testsuite> <!-- com.hrmshrisreports.testcases.RStandStatPAGIBIGContributionTest -->
