<?xml version="1.0" encoding="UTF-8"?>
<!-- Generated by org.testng.reporters.JUnitReportReporter -->
<testsuite hostname="AlexJency" failures="0" tests="14" name="com.zenfradashboard.testcases.DiscoveryTest" time="203.521" errors="0" timestamp="2022-05-29T21:46:11 IST" skipped="2">
  <testcase classname="com.zenfradashboard.testcases.DiscoveryTest" name="verifyReportLoading" time="68.556"/>
  <system-out/>
  <testcase classname="com.zenfradashboard.testcases.DiscoveryTest" name="verifyToatalColmun" time="0.071"/>
  <system-out/>
  <testcase classname="com.zenfradashboard.testcases.DiscoveryTest" name="verifyPinnedState" time="0.058"/>
  <system-out/>
  <testcase classname="com.zenfradashboard.testcases.DiscoveryTest" name="verifyColSortAscending" time="1.434"/>
  <system-out/>
  <testcase classname="com.zenfradashboard.testcases.DiscoveryTest" name="verifyColSortDecending" time="1.340"/>
  <system-out/>
  <testcase classname="com.zenfradashboard.testcases.DiscoveryTest" name="verifyFilterRecords" time="1.168"/>
  <system-out/>
  <testcase classname="com.zenfradashboard.testcases.DiscoveryTest" name="hideColmunsAndVerify" time="93.910"/>
  <system-out/>
  <testcase classname="com.zenfradashboard.testcases.DiscoveryTest" name="verifyExcelExportOptions" time="0.581"/>
  <system-out/>
  <testcase classname="com.zenfradashboard.testcases.DiscoveryTest" name="exportDataAsExcel" time="3.824"/>
  <system-out/>
  <testcase classname="com.zenfradashboard.testcases.DiscoveryTest" name="removeChart" time="31.294"/>
  <system-out/>
  <testcase classname="com.zenfradashboard.testcases.DiscoveryTest" name="verifyWidget" time="0.370"/>
  <system-out/>
  <testcase classname="com.zenfradashboard.testcases.DiscoveryTest" name="addChartUsngWidget" time="0.915"/>
  <system-out/>
  <testcase classname="com.zenfradashboard.testcases.DiscoveryTest" name="createChart">
    <skipped/>
  </testcase> <!-- createChart -->
  <system-out/>
  <testcase classname="com.zenfradashboard.testcases.DiscoveryTest" name="verifyAddChartPopup">
    <skipped/>
  </testcase> <!-- verifyAddChartPopup -->
  <system-out/>
</testsuite> <!-- com.zenfradashboard.testcases.DiscoveryTest -->
