<?xml version="1.0" encoding="UTF-8"?>
<!-- Generated by org.testng.reporters.JUnitReportReporter -->
<testsuite hostname="CSLH2007" failures="0" tests="4" name="com.hrmshrisreports.testcases.RStandPayLoanRegisterTest" time="133.068" errors="0" timestamp="2021-12-15T15:05:16 IST" skipped="0">
  <testcase classname="com.hrmshrisreports.testcases.RStandPayLoanRegisterTest" name="verifyPageTitleTest" time="20.672"/>
  <system-out/>
  <testcase classname="com.hrmshrisreports.testcases.RStandPayLoanRegisterTest" name="verifyDownloadMonthly" time="34.479"/>
  <system-out/>
  <testcase classname="com.hrmshrisreports.testcases.RStandPayLoanRegisterTest" name="verifyDownloadBiMonthly" time="40.892"/>
  <system-out/>
  <testcase classname="com.hrmshrisreports.testcases.RStandPayLoanRegisterTest" name="verifyDownloadWeekly" time="37.025"/>
  <system-out/>
</testsuite> <!-- com.hrmshrisreports.testcases.RStandPayLoanRegisterTest -->
