<?xml version="1.0" encoding="UTF-8"?>
<!-- Generated by org.testng.reporters.JUnitReportReporter -->
<testsuite hostname="AlexJency" failures="0" tests="16" name="com.zenfradashboard.testcases.DiscoveryTest" time="348.807" errors="0" timestamp="2022-05-30T09:54:03 IST" skipped="2">
  <testcase classname="com.zenfradashboard.testcases.DiscoveryTest" name="verifyReportLoading" time="79.586"/>
  <system-out/>
  <testcase classname="com.zenfradashboard.testcases.DiscoveryTest" name="verifyToatalColmun" time="0.165"/>
  <system-out/>
  <testcase classname="com.zenfradashboard.testcases.DiscoveryTest" name="verifyPinnedState" time="0.123"/>
  <system-out/>
  <testcase classname="com.zenfradashboard.testcases.DiscoveryTest" name="verifyColSortAscending" time="2.738"/>
  <system-out/>
  <testcase classname="com.zenfradashboard.testcases.DiscoveryTest" name="verifyColSortDecending" time="2.786"/>
  <system-out/>
  <testcase classname="com.zenfradashboard.testcases.DiscoveryTest" name="verifyFilterRecords" time="1.276"/>
  <system-out/>
  <testcase classname="com.zenfradashboard.testcases.DiscoveryTest" name="hideColmunsAndVerify" time="94.066"/>
  <system-out/>
  <testcase classname="com.zenfradashboard.testcases.DiscoveryTest" name="verifyExcelExportOptions" time="0.595"/>
  <system-out/>
  <testcase classname="com.zenfradashboard.testcases.DiscoveryTest" name="exportDataAsExcel" time="2.741"/>
  <system-out/>
  <testcase classname="com.zenfradashboard.testcases.DiscoveryTest" name="removeChart" time="31.721"/>
  <system-out/>
  <testcase classname="com.zenfradashboard.testcases.DiscoveryTest" name="verifyWidget" time="0.487"/>
  <system-out/>
  <testcase classname="com.zenfradashboard.testcases.DiscoveryTest" name="addChartUsngWidget" time="0.975"/>
  <system-out/>
  <testcase classname="com.zenfradashboard.testcases.DiscoveryTest" name="exportPPPT" time="66.830"/>
  <system-out/>
  <testcase classname="com.zenfradashboard.testcases.DiscoveryTest" name="exportPDF" time="64.718"/>
  <system-out/>
  <testcase classname="com.zenfradashboard.testcases.DiscoveryTest" name="createChart">
    <skipped/>
  </testcase> <!-- createChart -->
  <system-out/>
  <testcase classname="com.zenfradashboard.testcases.DiscoveryTest" name="verifyAddChartPopup">
    <skipped/>
  </testcase> <!-- verifyAddChartPopup -->
  <system-out/>
</testsuite> <!-- com.zenfradashboard.testcases.DiscoveryTest -->
