<?xml version="1.0" encoding="UTF-8"?>
<!-- Generated by org.testng.reporters.JUnitReportReporter -->
<testsuite hostname="CSLH2007" failures="0" tests="1" name="com.hrms.testcases.RStandHRISPHILHealther2Test" time="26.693" errors="0" timestamp="2021-12-13T17:36:58 IST" skipped="0">
  <testcase classname="com.hrms.testcases.RStandHRISPHILHealther2Test" name="verifyDownload" time="26.693"/>
  <system-out/>
</testsuite> <!-- com.hrms.testcases.RStandHRISPHILHealther2Test -->
