<?xml version="1.0" encoding="UTF-8"?>
<!-- Generated by org.testng.reporters.JUnitReportReporter -->
<testsuite hostname="CSLH2007" failures="0" tests="1" name="com.hrmshrisreports.testcases.RStandPayBankTextFileTest" time="53.222" errors="0" timestamp="2021-12-17T22:46:08 IST" skipped="0">
  <testcase classname="com.hrmshrisreports.testcases.RStandPayBankTextFileTest" name="payCycleBiMonthlyBankOneText" time="53.222"/>
  <system-out/>
</testsuite> <!-- com.hrmshrisreports.testcases.RStandPayBankTextFileTest -->
